{
  "stats": {
    "suites": 1,
    "tests": 1,
    "passes": 0,
    "pending": 0,
    "failures": 1,
    "start": "2025-05-02T17:12:40.925Z",
    "end": "2025-05-02T17:12:41.569Z",
    "duration": 644,
    "testsRegistered": 1,
    "passPercent": 0,
    "pendingPercent": 0,
    "other": 0,
    "hasOther": false,
    "skipped": 0,
    "hasSkipped": false
  },
  "results": [
    {
      "uuid": "d5798371-d9c2-47e3-af24-dd3c88574072",
      "title": "",
      "fullFile": "cypress/e2e/spec.cy.js",
      "file": "cypress/e2e/spec.cy.js",
      "beforeHooks": [],
      "afterHooks": [],
      "tests": [],
      "suites": [
        {
          "uuid": "e31fff17-35fa-46b2-b647-78897b253dd6",
          "title": "template spec",
          "fullFile": "",
          "file": "",
          "beforeHooks": [],
          "afterHooks": [],
          "tests": [
            {
              "title": "AW-1 passes",
              "fullTitle": "template spec AW-1 passes",
              "timedOut": null,
              "duration": 617,
              "state": "failed",
              "speed": null,
              "pass": false,
              "fail": true,
              "pending": false,
              "context": null,
              "code": "cy.visit('https://example.cypress.io');\nassert(1, 2);",
              "err": {
                "message": "TypeError: msg.replace is not a function",
                "estack": "TypeError: msg.replace is not a function\n    at Object._origGetmessage (http://localhost:56108/__cypress/runner/cypress_runner.js:140983:17)\n    at chaiUtils.getMessage (http://localhost:56108/__cypress/runner/cypress_runner.js:141004:35)\n    at Proxy.<anonymous> (http://localhost:56108/__cypress/runner/cypress_runner.js:141167:31)\n    at chai.assert (http://localhost:56108/__cypress/runner/cypress_runner.js:84037:10)\n    at fn (http://localhost:56108/__cypress/runner/cypress_runner.js:141205:19)\n    at Context.eval (webpack://jiracypress/./cypress/e2e/spec.cy.js:4:4)\n    at runnable.fn (http://localhost:56108/__cypress/runner/cypress_runner.js:140422:19)\n    at callFn (http://localhost:56108/__cypress/runner/cypress_runner.js:159500:21)\n    at Runnable.run (http://localhost:56108/__cypress/runner/cypress_runner.js:159487:7)\n    at <unknown> (http://localhost:56108/__cypress/runner/cypress_runner.js:165559:30)\n    at PassThroughHandlerContext.finallyHandler (http://localhost:56108/__cypress/runner/cypress_runner.js:4042:23)\n    at PassThroughHandlerContext.tryCatcher (http://localhost:56108/__cypress/runner/cypress_runner.js:1777:23)\n    at Promise._settlePromiseFromHandler (http://localhost:56108/__cypress/runner/cypress_runner.js:1489:31)\n    at Promise._settlePromise (http://localhost:56108/__cypress/runner/cypress_runner.js:1546:18)\n    at Promise._settlePromise0 (http://localhost:56108/__cypress/runner/cypress_runner.js:1591:10)\n    at Promise._settlePromises (http://localhost:56108/__cypress/runner/cypress_runner.js:1671:18)\n    at Promise._fulfill (http://localhost:56108/__cypress/runner/cypress_runner.js:1615:18)\n    at Promise._settlePromise (http://localhost:56108/__cypress/runner/cypress_runner.js:1559:21)\n    at Promise._settlePromise0 (http://localhost:56108/__cypress/runner/cypress_runner.js:1591:10)\n    at Promise._settlePromises (http://localhost:56108/__cypress/runner/cypress_runner.js:1671:18)\n    at Promise._fulfill (http://localhost:56108/__cypress/runner/cypress_runner.js:1615:18)",
                "diff": null
              },
              "uuid": "2c8d55e4-687d-499e-9c09-a8c6533f4464",
              "parentUUID": "e31fff17-35fa-46b2-b647-78897b253dd6",
              "isHook": false,
              "skipped": false
            }
          ],
          "suites": [],
          "passes": [],
          "failures": [
            "2c8d55e4-687d-499e-9c09-a8c6533f4464"
          ],
          "pending": [],
          "skipped": [],
          "duration": 617,
          "root": false,
          "rootEmpty": false,
          "_timeout": 2000
        }
      ],
      "passes": [],
      "failures": [],
      "pending": [],
      "skipped": [],
      "duration": 0,
      "root": true,
      "rootEmpty": true,
      "_timeout": 2000
    }
  ],
  "meta": {
    "mocha": {
      "version": "7.2.0"
    },
    "mochawesome": {
      "options": {
        "quiet": true,
        "reportFilename": "report",
        "saveHtml": true,
        "saveJson": true,
        "consoleReporter": "spec",
        "useInlineDiffs": false,
        "code": true
      },
      "version": "7.1.3"
    },
    "marge": {
      "options": {
        "id": "default",
        "reportDir": "cypress/reports",
        "quiet": true,
        "overwrite": true,
        "html": true,
        "json": true,
        "reportFilename": "report",
        "embeddedScreenshots": true,
        "inlineAssets": true
      },
      "version": "6.2.0"
    }
  }
}